<?xml version="1.0" encoding="UTF-8"?>
<!-- Generated by org.testng.reporters.JUnitReportReporter -->
<testsuite hostname="LAPTOP-SRPU678Q" failures="0" tests="1" name="com.qa.tests.postApiTest" time="1.048" errors="0" timestamp="2023-04-30T13:03:37 GMT-04:00" skipped="0">
  <testcase classname="com.qa.tests.postApiTest" name="postAPITest" time="1.048"/>
  <system-out/>
</testsuite> <!-- com.qa.tests.postApiTest -->
