<?xml version="1.0" encoding="UTF-8"?>
<!-- Generated by org.testng.reporters.JUnitReportReporter -->
<testsuite hostname="LAPTOP-SRPU678Q" failures="0" tests="2" name="com.qa.tests.GetApiTest" time="1.370" errors="0" timestamp="2023-04-28T20:30:14 GMT-04:00" skipped="0">
  <testcase classname="com.qa.tests.GetApiTest" name="getTest" time="1.038"/>
  <system-out/>
  <testcase classname="com.qa.tests.GetApiTest" name="getapiTestwithHeadere" time="0.332"/>
  <system-out/>
</testsuite> <!-- com.qa.tests.GetApiTest -->
